<?xml version="1.0" encoding="UTF-8"?>
<!-- Generated by org.testng.reporters.JUnitReportReporter -->
<testsuite hostname="Geetha" failures="0" tests="2" name="com.edureka.testngtestcases.FactoryAnnotationExample" time="0.008" errors="0" timestamp="2024-06-08T21:38:47 MDT" skipped="0">
  <testcase classname="com.edureka.testngtestcases.FactoryAnnotationExample" name="SearchTestCase" time="0.007"/>
  <system-out/>
  <testcase classname="com.edureka.testngtestcases.FactoryAnnotationExample" name="SearchTestCase" time="0.001"/>
  <system-out/>
</testsuite> <!-- com.edureka.testngtestcases.FactoryAnnotationExample -->
