<?xml version="1.0" encoding="UTF-8"?>
<!-- Generated by org.testng.reporters.JUnitReportReporter -->
<testsuite hostname="Geetha" failures="0" tests="2" name="com.appium.testcases.AnnotationExamples" time="0.013" errors="0" timestamp="2024-06-08T07:05:15 MDT" skipped="0">
  <testcase classname="com.appium.testcases.AnnotationExamples" name="Testcase2" time="0.003"/>
  <system-out/>
  <testcase classname="com.appium.testcases.AnnotationExamples" name="Testcase1" time="0.010"/>
  <system-out/>
</testsuite> <!-- com.appium.testcases.AnnotationExamples -->
