<?xml version="1.0" encoding="UTF-8"?>
<!-- Generated by org.testng.reporters.JUnitReportReporter -->
<testsuite hostname="Geetha" failures="0" tests="1" name="com.appium.testcases.CloudNativeApp" time="32.448" errors="0" timestamp="2024-06-08T06:55:54 MDT" skipped="0">
  <testcase classname="com.appium.testcases.CloudNativeApp" name="OpenAPKFile" time="32.448"/>
  <system-out/>
</testsuite> <!-- com.appium.testcases.CloudNativeApp -->
